04-11-2018 15:44:25.191 [localhost-startStop-1] DEBUG org.apache.ibatis.logging.LogFactory.setImplementation - Logging initialized using 'class org.apache.ibatis.logging.slf4j.Slf4jImpl' adapter.
04-11-2018 15:44:25.262 [localhost-startStop-1] DEBUG org.mybatis.spring.SqlSessionFactoryBean.buildSqlSessionFactory - Property 'configuration' or 'configLocation' not specified, using default MyBatis Configuration
04-11-2018 15:44:25.958 [localhost-startStop-1] DEBUG org.mybatis.spring.SqlSessionFactoryBean.buildSqlSessionFactory - Parsed mapper file: 'file [D:\gitwork\graduation\target\apache-tomcat-8.5.20\webapps\graduation\WEB-INF\classes\mapper\UsersMapper.xml]'
04-11-2018 15:45:08.251 [http-nio-8088-exec-3] DEBUG org.mybatis.spring.SqlSessionUtils.getSqlSession - Creating a new SqlSession
04-11-2018 15:45:08.281 [http-nio-8088-exec-3] DEBUG org.mybatis.spring.SqlSessionUtils.registerSessionHolder - SqlSession [org.apache.ibatis.session.defaults.DefaultSqlSession@71054bc4] was not registered for synchronization because synchronization is not active
04-11-2018 15:45:24.207 [http-nio-8088-exec-3] DEBUG org.mybatis.spring.transaction.SpringManagedTransaction.openConnection - JDBC Connection [1504952103, URL=jdbc:mysql://localhost:3306/graduation, UserName=root@localhost, MySQL Connector Java] will not be managed by Spring
04-11-2018 15:45:24.225 [http-nio-8088-exec-3] DEBUG com.dlmu.graduation.dao.UsersMapper.updateByPrimaryKeySelective.debug - ==>  Preparing: update users SET username = ?, password = ?, phone = ?, email = ?, updated = ? where id = ? 
04-11-2018 15:45:25.610 [http-nio-8088-exec-3] DEBUG com.dlmu.graduation.dao.UsersMapper.updateByPrimaryKeySelective.debug - ==> Parameters: aaa(String), qq(String), qq(String), qqq(String), 2018-11-04(Date), 1(Integer)
04-11-2018 15:45:33.833 [http-nio-8088-exec-3] DEBUG com.dlmu.graduation.dao.UsersMapper.updateByPrimaryKeySelective.debug - <==    Updates: 1
04-11-2018 15:45:33.834 [http-nio-8088-exec-3] DEBUG org.mybatis.spring.SqlSessionUtils.closeSqlSession - Closing non transactional SqlSession [org.apache.ibatis.session.defaults.DefaultSqlSession@71054bc4]
04-11-2018 15:47:39.976 [http-nio-8088-exec-6] DEBUG org.mybatis.spring.SqlSessionUtils.getSqlSession - Creating a new SqlSession
04-11-2018 15:47:39.978 [http-nio-8088-exec-6] DEBUG org.mybatis.spring.SqlSessionUtils.registerSessionHolder - SqlSession [org.apache.ibatis.session.defaults.DefaultSqlSession@285f8384] was not registered for synchronization because synchronization is not active
04-11-2018 15:47:39.985 [http-nio-8088-exec-6] DEBUG org.mybatis.spring.transaction.SpringManagedTransaction.openConnection - JDBC Connection [744489559, URL=jdbc:mysql://localhost:3306/graduation, UserName=root@localhost, MySQL Connector Java] will not be managed by Spring
04-11-2018 15:47:39.986 [http-nio-8088-exec-6] DEBUG com.dlmu.graduation.dao.UsersMapper.updateByPrimaryKeySelective.debug - ==>  Preparing: update users SET loginstatus = ? where id = ? 
04-11-2018 15:47:39.988 [http-nio-8088-exec-6] DEBUG com.dlmu.graduation.dao.UsersMapper.updateByPrimaryKeySelective.debug - ==> Parameters: 0(Byte), 1(Integer)
04-11-2018 15:47:40.312 [http-nio-8088-exec-6] DEBUG com.dlmu.graduation.dao.UsersMapper.updateByPrimaryKeySelective.debug - <==    Updates: 1
04-11-2018 15:47:40.313 [http-nio-8088-exec-6] DEBUG org.mybatis.spring.SqlSessionUtils.closeSqlSession - Closing non transactional SqlSession [org.apache.ibatis.session.defaults.DefaultSqlSession@285f8384]
04-11-2018 15:48:44.535 [http-nio-8088-exec-9] DEBUG org.mybatis.spring.SqlSessionUtils.getSqlSession - Creating a new SqlSession
04-11-2018 15:48:44.536 [http-nio-8088-exec-9] DEBUG org.mybatis.spring.SqlSessionUtils.registerSessionHolder - SqlSession [org.apache.ibatis.session.defaults.DefaultSqlSession@b33ae76] was not registered for synchronization because synchronization is not active
04-11-2018 15:48:44.553 [http-nio-8088-exec-9] DEBUG org.mybatis.spring.transaction.SpringManagedTransaction.openConnection - JDBC Connection [246851093, URL=jdbc:mysql://localhost:3306/graduation, UserName=root@localhost, MySQL Connector Java] will not be managed by Spring
04-11-2018 15:48:44.554 [http-nio-8088-exec-9] DEBUG com.dlmu.graduation.dao.UsersMapper.selectByPrimaryKey.debug - ==>  Preparing: select id, username, password, phone, email, created, updated, loginstatus from users where id = ? 
04-11-2018 15:48:44.555 [http-nio-8088-exec-9] DEBUG com.dlmu.graduation.dao.UsersMapper.selectByPrimaryKey.debug - ==> Parameters: 1(Integer)
04-11-2018 15:48:44.680 [http-nio-8088-exec-9] DEBUG com.dlmu.graduation.dao.UsersMapper.selectByPrimaryKey.debug - <==      Total: 1
04-11-2018 15:48:44.693 [http-nio-8088-exec-9] DEBUG org.mybatis.spring.SqlSessionUtils.closeSqlSession - Closing non transactional SqlSession [org.apache.ibatis.session.defaults.DefaultSqlSession@b33ae76]
04-11-2018 15:49:19.933 [http-nio-8088-exec-2] INFO  com.dlmu.graduation.controller.LoginController.login - request content: LoginRequest(username=aaa, password=qq)
04-11-2018 15:49:19.988 [http-nio-8088-exec-2] DEBUG org.mybatis.spring.SqlSessionUtils.getSqlSession - Creating a new SqlSession
04-11-2018 15:49:19.988 [http-nio-8088-exec-2] DEBUG org.mybatis.spring.SqlSessionUtils.registerSessionHolder - SqlSession [org.apache.ibatis.session.defaults.DefaultSqlSession@71393dc2] was not registered for synchronization because synchronization is not active
04-11-2018 15:49:20.078 [http-nio-8088-exec-2] DEBUG org.mybatis.spring.transaction.SpringManagedTransaction.openConnection - JDBC Connection [1342822442, URL=jdbc:mysql://localhost:3306/graduation, UserName=root@localhost, MySQL Connector Java] will not be managed by Spring
04-11-2018 15:49:20.079 [http-nio-8088-exec-2] DEBUG com.dlmu.graduation.dao.UsersMapper.selectByExample.debug - ==>  Preparing: select id, username, password, phone, email, created, updated, loginstatus from users WHERE ( username = ? and password = ? ) 
04-11-2018 15:49:20.080 [http-nio-8088-exec-2] DEBUG com.dlmu.graduation.dao.UsersMapper.selectByExample.debug - ==> Parameters: aaa(String), qq(String)
04-11-2018 15:49:20.087 [http-nio-8088-exec-2] DEBUG com.dlmu.graduation.dao.UsersMapper.selectByExample.debug - <==      Total: 2
04-11-2018 15:49:20.088 [http-nio-8088-exec-2] DEBUG org.mybatis.spring.SqlSessionUtils.closeSqlSession - Closing non transactional SqlSession [org.apache.ibatis.session.defaults.DefaultSqlSession@71393dc2]
04-11-2018 15:49:20.090 [http-nio-8088-exec-2] INFO  com.dlmu.graduation.service.UsersService.login - userservice[com.dlmu.graduation.dao.entity.Users@9cde5aa, com.dlmu.graduation.dao.entity.Users@5b978e40]
